{
  "RSpec": {
    "coverage": {
      "/Users/davidvanderbeek/Web/interactor/lib/interactor.rb": [
        1,
        1
      ],
      "/Users/davidvanderbeek/Web/interactor/lib/interactor/acts_as_interactor.rb": [
        1,
        1,
        1,
        1,
        null,
        null,
        1,
        1,
        2,
        2,
        null,
        null,
        null,
        1,
        1,
        6,
        5,
        null,
        null,
        1,
        2,
        2,
        null,
        null,
        null,
        1,
        6,
        null,
        null,
        null,
        null,
        null,
        1
      ]
    },
    "timestamp": 1451427008
  }
}
